2023-08-28 12:48:58 INFO  ProjectStartupHandler.runActivity(74) - ---------- Project opened ----------
2023-08-28 12:48:58 INFO  ProjectStartupHandler.runActivity(75) - ---------- Version 4.03 ----------

2023-08-28 12:48:58 INFO  ProjectStartupHandler.setAutoscrolls(346) - Autoscrolls successfully set
2023-08-28 12:48:58 INFO  ApacheHttpClient.isSessionAppropriateWithSecretKey(589) - The session is not set in the property file.
2023-08-28 12:48:58 INFO  ApacheHttpClient.login(250) - Waiting for server response.
2023-08-28 12:48:58 INFO  ApacheHttpClient.login(254) - responseCode = 200
2023-08-28 12:48:58 INFO  ApacheHttpClient.login(277) - JSESSIONID OK
2023-08-28 12:48:59 INFO  ApacheHttpClient.refreshUserInfo(305) - responseCode = 200
2023-08-28 12:48:59 INFO  ApacheHttpClient.refreshUserInfo(311) - User information received.
2023-08-28 12:48:59 INFO  ApacheHttpClient.startGA(36) - GAService started.
2023-08-28 12:48:59 INFO  AnalyticsService.run(86) - null : error in server. Status code :405
2023-08-28 12:49:13 INFO  ProjectStartupHandler.projectClosing(155) - ---------- Project closed ----------

2023-08-28 12:49:14 INFO  PluginProjectService.dispose(41) - PluginProjectService for disposed.
2023-08-28 12:49:14 INFO  AnalyticsService.run(86) - null : error in server. Status code :405
2023-08-28 12:49:33 INFO  ProjectStartupHandler.runActivity(74) - ---------- Project opened ----------
2023-08-28 12:49:33 INFO  ProjectStartupHandler.runActivity(75) - ---------- Version 4.03 ----------

2023-08-28 12:49:33 INFO  ProjectStartupHandler.setAutoscrolls(346) - Autoscrolls successfully set
2023-08-28 12:49:34 INFO  ApacheHttpClient.isSessionAppropriateWithSecretKey(602) - Waiting for server response.
2023-08-28 12:49:34 INFO  ApacheHttpClient.refreshUserInfo(305) - responseCode = 200
2023-08-28 12:49:34 INFO  ApacheHttpClient.refreshUserInfo(311) - User information received.
2023-08-28 12:49:34 INFO  ApacheHttpClient.startGA(36) - GAService started.
2023-08-28 12:49:34 INFO  AnalyticsService.run(86) - null : error in server. Status code :405
2023-08-28 12:50:17 INFO  ProjectStartupHandler.projectClosing(155) - ---------- Project closed ----------

2023-08-28 12:50:17 INFO  PluginProjectService.dispose(41) - PluginProjectService for disposed.
2023-08-28 12:50:17 INFO  AnalyticsService.run(86) - null : error in server. Status code :405
2023-08-28 12:50:42 INFO  ProjectStartupHandler.runActivity(74) - ---------- Project opened ----------
2023-08-28 12:50:42 INFO  ProjectStartupHandler.runActivity(75) - ---------- Version 4.03 ----------

2023-08-28 12:50:42 INFO  ApacheHttpClient.isSessionAppropriateWithSecretKey(602) - Waiting for server response.
2023-08-28 12:50:42 INFO  ApacheHttpClient.refreshUserInfo(305) - responseCode = 200
2023-08-28 12:50:42 INFO  ApacheHttpClient.refreshUserInfo(311) - User information received.
2023-08-28 12:50:42 INFO  ApacheHttpClient.startGA(36) - GAService started.
2023-08-28 12:50:43 INFO  AnalyticsService.run(86) - null : error in server. Status code :405
2023-08-28 12:50:47 INFO  ApacheHttpClient.getWebResourceAsStream(502) - responseCode = 200
2023-08-28 12:50:50 INFO  ApacheHttpClient.getFilteredTasks(336) - responseCode = 200
2023-08-28 12:51:58 INFO  ApacheHttpClient.getFilteredTasks(336) - responseCode = 200
2023-08-28 12:52:03 INFO  ApacheHttpClient.getFilteredTasks(336) - responseCode = 200
2023-08-28 12:53:03 INFO  AnalyticsService.run(86) - null : error in server. Status code :405
2023-08-28 12:53:29 INFO  ApacheHttpClient.getWebResourceAsStream(502) - responseCode = 200
2023-08-28 12:53:30 INFO  ApacheHttpClient.getFilteredTasks(336) - responseCode = 200
2023-08-28 12:54:18 INFO  ApacheHttpClient.getTaskTemplateInfo(353) - responseCode = 200
2023-08-28 12:54:18 INFO  TaskInfoSelectorMouseListener.createDirectoryRecursive(78) - File created :C:/Users/k0519415/OneDrive - kirkwood.edu/Kirkwood/Projects/JavaProjects/mon-wed-23/CodeGymTasks/1.JavaSyntax/src/en
2023-08-28 12:54:18 INFO  TaskInfoSelectorMouseListener.createDirectoryRecursive(78) - File created :C:/Users/k0519415/OneDrive - kirkwood.edu/Kirkwood/Projects/JavaProjects/mon-wed-23/CodeGymTasks/1.JavaSyntax/src/en/codegym
2023-08-28 12:54:18 INFO  TaskInfoSelectorMouseListener.createDirectoryRecursive(78) - File created :C:/Users/k0519415/OneDrive - kirkwood.edu/Kirkwood/Projects/JavaProjects/mon-wed-23/CodeGymTasks/1.JavaSyntax/src/en/codegym/task
2023-08-28 12:54:18 INFO  TaskInfoSelectorMouseListener.createDirectoryRecursive(78) - File created :C:/Users/k0519415/OneDrive - kirkwood.edu/Kirkwood/Projects/JavaProjects/mon-wed-23/CodeGymTasks/1.JavaSyntax/src/en/codegym/task/pro
2023-08-28 12:54:18 INFO  TaskInfoSelectorMouseListener.createDirectoryRecursive(78) - File created :C:/Users/k0519415/OneDrive - kirkwood.edu/Kirkwood/Projects/JavaProjects/mon-wed-23/CodeGymTasks/1.JavaSyntax/src/en/codegym/task/pro/task10
2023-08-28 12:54:18 INFO  TaskInfoSelectorMouseListener.createDirectoryRecursive(78) - File created :C:/Users/k0519415/OneDrive - kirkwood.edu/Kirkwood/Projects/JavaProjects/mon-wed-23/CodeGymTasks/1.JavaSyntax/src/en/codegym/task/pro/task10/task1001
2023-08-28 12:54:22 INFO  AnalyticsService.run(86) - null : error in server. Status code :405
2023-08-28 12:59:19 INFO  ApacheHttpClient.getWebResourceAsStream(502) - responseCode = 200
2023-08-28 12:59:20 INFO  ApacheHttpClient.getFilteredTasks(336) - responseCode = 200
2023-08-28 13:05:45 INFO  AnalyticsService.run(86) - null : error in server. Status code :405
2023-08-28 13:06:34 INFO  ApacheHttpClient.getWebResourceAsStream(502) - responseCode = 200
2023-08-28 13:06:36 INFO  ApacheHttpClient.resetTask(324) - responseCode = 200
2023-08-28 13:06:36 INFO  ApacheHttpClient.getTask(488) - responseCode = 200
2023-08-28 13:06:36 INFO  ApacheHttpClient.getTaskTemplateInfo(353) - responseCode = 200
2023-08-28 13:06:36 INFO  AnalyticsService.run(86) - null : error in server. Status code :405
2023-08-28 13:09:24 INFO  ApacheHttpClient.getWebResourceAsStream(502) - responseCode = 200
2023-08-28 13:09:25 INFO  ApacheHttpClient.getTask(488) - responseCode = 200
2023-08-28 13:09:45 INFO  ApacheHttpClient.completed(32) - responseCode = 200
2023-08-28 13:09:45 INFO  ApacheHttpClient.getTask(488) - responseCode = 200
2023-08-28 13:09:45 INFO  AnalyticsService.run(86) - null : error in server. Status code :405
2023-08-28 13:55:43 INFO  ProjectStartupHandler.projectClosing(155) - ---------- Project closed ----------

2023-08-28 13:55:43 INFO  AnalyticsService.run(86) - null : error in server. Status code :405
2023-08-28 13:55:43 INFO  ApacheHttpClient.getTask(488) - responseCode = 200
2023-08-28 13:55:43 INFO  PluginProjectService.dispose(41) - PluginProjectService for disposed.
2023-08-28 14:10:17 INFO  ApacheHttpClient.getWebResourceAsStream(502) - responseCode = 200
2023-08-28 14:10:17 INFO  PluginProjectService.<init>(33) - PluginProjectService for CodeGymTasks initiated.
2023-08-28 14:10:17 INFO  ProjectStartupHandler.runActivity(74) - ---------- Project opened ----------
2023-08-28 14:10:17 INFO  ProjectStartupHandler.runActivity(74) - ---------- Project opened ----------
2023-08-28 14:10:17 INFO  ProjectStartupHandler.runActivity(75) - ---------- Version 4.03 ----------

2023-08-28 14:10:17 INFO  ProjectStartupHandler.runActivity(75) - ---------- Version 4.03 ----------

2023-08-28 14:10:17 INFO  ApacheHttpClient.isSessionAppropriateWithSecretKey(602) - Waiting for server response.
2023-08-28 14:10:17 INFO  ApacheHttpClient.isSessionAppropriateWithSecretKey(602) - Waiting for server response.
2023-08-28 14:10:17 INFO  ApacheHttpClient.refreshUserInfo(305) - responseCode = 200
2023-08-28 14:10:17 INFO  ApacheHttpClient.refreshUserInfo(305) - responseCode = 200
2023-08-28 14:10:17 INFO  ApacheHttpClient.refreshUserInfo(311) - User information received.
2023-08-28 14:10:17 INFO  ApacheHttpClient.refreshUserInfo(311) - User information received.
2023-08-28 14:10:17 INFO  ApacheHttpClient.startGA(36) - GAService started.
2023-08-28 14:10:17 INFO  ApacheHttpClient.startGA(36) - GAService started.
2023-08-28 14:10:18 INFO  AnalyticsService.run(86) - null : error in server. Status code :405
2023-08-28 14:10:18 INFO  AnalyticsService.run(86) - null : error in server. Status code :405
2023-08-28 14:10:55 INFO  ApacheHttpClient.getWebResourceAsStream(502) - responseCode = 200
2023-08-28 14:10:55 INFO  ApacheHttpClient.getWebResourceAsStream(502) - responseCode = 200
2023-08-28 14:10:56 INFO  ApacheHttpClient.getFilteredTasks(336) - responseCode = 200
2023-08-28 14:10:56 INFO  ApacheHttpClient.getFilteredTasks(336) - responseCode = 200
2023-08-28 14:10:58 INFO  ApacheHttpClient.getTaskTemplateInfo(353) - responseCode = 200
2023-08-28 14:10:58 INFO  ApacheHttpClient.getTaskTemplateInfo(353) - responseCode = 200
2023-08-28 14:10:58 INFO  TaskInfoSelectorMouseListener.createDirectoryRecursive(78) - File created :C:/Users/k0519415/OneDrive - kirkwood.edu/Kirkwood/Projects/JavaProjects/mon-wed-23/CodeGymTasks/1.JavaSyntax/src/en/codegym/task/pro/task10/task1002
2023-08-28 14:10:58 INFO  TaskInfoSelectorMouseListener.createDirectoryRecursive(78) - File created :C:/Users/k0519415/OneDrive - kirkwood.edu/Kirkwood/Projects/JavaProjects/mon-wed-23/CodeGymTasks/1.JavaSyntax/src/en/codegym/task/pro/task10/task1002
2023-08-28 14:10:59 INFO  AnalyticsService.run(86) - null : error in server. Status code :405
2023-08-28 14:10:59 INFO  AnalyticsService.run(86) - null : error in server. Status code :405
2023-08-28 14:11:39 INFO  ApacheHttpClient.getWebResourceAsStream(502) - responseCode = 200
2023-08-28 14:11:39 INFO  ApacheHttpClient.getWebResourceAsStream(502) - responseCode = 200
2023-08-28 14:11:40 INFO  ApacheHttpClient.resetTask(324) - responseCode = 200
2023-08-28 14:11:40 INFO  ApacheHttpClient.resetTask(324) - responseCode = 200
2023-08-28 14:11:41 INFO  ApacheHttpClient.getTask(488) - responseCode = 200
2023-08-28 14:11:41 INFO  ApacheHttpClient.getTask(488) - responseCode = 200
2023-08-28 14:11:41 INFO  ApacheHttpClient.getTaskTemplateInfo(353) - responseCode = 200
2023-08-28 14:11:41 INFO  ApacheHttpClient.getTaskTemplateInfo(353) - responseCode = 200
2023-08-28 14:11:41 INFO  AnalyticsService.run(86) - null : error in server. Status code :405
2023-08-28 14:11:41 INFO  AnalyticsService.run(86) - null : error in server. Status code :405
2023-08-28 14:16:44 INFO  ApacheHttpClient.getWebResourceAsStream(502) - responseCode = 200
2023-08-28 14:16:44 INFO  ApacheHttpClient.getWebResourceAsStream(502) - responseCode = 200
2023-08-28 14:16:44 INFO  ApacheHttpClient.getTask(488) - responseCode = 200
2023-08-28 14:16:44 INFO  ApacheHttpClient.getTask(488) - responseCode = 200
2023-08-28 14:16:45 INFO  ApacheHttpClient.completed(32) - responseCode = 200
2023-08-28 14:16:45 INFO  ApacheHttpClient.completed(32) - responseCode = 200
2023-08-28 14:16:46 INFO  ApacheHttpClient.getTask(488) - responseCode = 200
2023-08-28 14:16:46 INFO  ApacheHttpClient.getTask(488) - responseCode = 200
2023-08-28 14:16:46 INFO  AnalyticsService.run(86) - null : error in server. Status code :405
2023-08-28 14:16:46 INFO  AnalyticsService.run(86) - null : error in server. Status code :405
2023-08-28 14:28:13 INFO  ProjectStartupHandler.projectClosing(155) - ---------- Project closed ----------

2023-08-28 14:28:13 INFO  ProjectStartupHandler.projectClosing(155) - ---------- Project closed ----------

2023-08-28 14:28:13 INFO  AnalyticsService.run(86) - null : error in server. Status code :405
2023-08-28 14:28:13 INFO  AnalyticsService.run(86) - null : error in server. Status code :405
2023-08-28 14:28:14 INFO  ApacheHttpClient.getTask(488) - responseCode = 200
2023-08-28 14:28:14 INFO  ApacheHttpClient.getTask(488) - responseCode = 200
2023-08-28 14:28:14 INFO  PluginProjectService.dispose(41) - PluginProjectService for disposed.
2023-08-28 14:28:14 INFO  PluginProjectService.dispose(41) - PluginProjectService for disposed.
2023-08-30 12:19:32 INFO  ProjectStartupHandler.runActivity(74) - ---------- Project opened ----------
2023-08-30 12:19:32 INFO  ProjectStartupHandler.runActivity(75) - ---------- Version 4.03 ----------

2023-08-30 12:19:32 INFO  ApacheHttpClient.isSessionAppropriateWithSecretKey(602) - Waiting for server response.
2023-08-30 12:19:32 INFO  ApacheHttpClient.refreshUserInfo(305) - responseCode = 200
2023-08-30 12:19:32 INFO  ApacheHttpClient.refreshUserInfo(311) - User information received.
2023-08-30 12:19:32 INFO  ApacheHttpClient.startGA(36) - GAService started.
2023-08-30 12:19:34 INFO  AnalyticsService.run(86) - null : error in server. Status code :405
2023-08-30 12:31:12 INFO  ApacheHttpClient.getWebResourceAsStream(502) - responseCode = 200
2023-08-30 12:31:13 INFO  ApacheHttpClient.getFilteredTasks(336) - responseCode = 200
2023-08-30 12:31:25 INFO  ApacheHttpClient.getTaskTemplateInfo(353) - responseCode = 200
2023-08-30 12:31:25 INFO  TaskInfoSelectorMouseListener.createDirectoryRecursive(78) - File created :C:/Users/k0519415/OneDrive - kirkwood.edu/Kirkwood/Projects/JavaProjects/mon-wed-23/CodeGymTasks/1.JavaSyntax/src/en/codegym/task/pro/task10/task1007
2023-08-30 12:31:25 INFO  AnalyticsService.run(86) - null : error in server. Status code :405
2023-08-30 12:31:29 INFO  ApacheHttpClient.getWebResourceAsStream(502) - responseCode = 200
2023-08-30 12:31:29 INFO  AnalyticsService.run(86) - null : error in server. Status code :405
2023-08-30 12:31:35 INFO  ApacheHttpClient.getWebResourceAsStream(502) - responseCode = 200
2023-08-30 12:31:37 INFO  ApacheHttpClient.resetTask(324) - responseCode = 200
2023-08-30 12:31:37 INFO  ApacheHttpClient.getTask(488) - responseCode = 200
2023-08-30 12:31:37 INFO  ApacheHttpClient.getTaskTemplateInfo(353) - responseCode = 200
2023-08-30 12:31:37 INFO  AnalyticsService.run(86) - null : error in server. Status code :405
2023-08-30 12:35:46 INFO  ApacheHttpClient.getWebResourceAsStream(502) - responseCode = 200
2023-08-30 12:35:46 INFO  ApacheHttpClient.getTask(488) - responseCode = 200
2023-08-30 12:35:51 INFO  ApacheHttpClient.completed(32) - responseCode = 200
2023-08-30 12:35:51 INFO  ApacheHttpClient.getTask(488) - responseCode = 200
2023-08-30 12:35:52 INFO  AnalyticsService.run(86) - null : error in server. Status code :405
2023-08-30 12:39:47 INFO  ApacheHttpClient.getWebResourceAsStream(502) - responseCode = 200
2023-08-30 12:39:48 INFO  ApacheHttpClient.getFilteredTasks(336) - responseCode = 200
2023-08-30 12:39:56 INFO  ApacheHttpClient.getTaskTemplateInfo(353) - responseCode = 200
2023-08-30 12:39:56 INFO  TaskInfoSelectorMouseListener.createDirectoryRecursive(78) - File created :C:/Users/k0519415/OneDrive - kirkwood.edu/Kirkwood/Projects/JavaProjects/mon-wed-23/CodeGymTasks/1.JavaSyntax/src/en/codegym/task/pro/task10/task1009
2023-08-30 12:39:56 INFO  AnalyticsService.run(86) - null : error in server. Status code :405
2023-08-30 12:39:59 INFO  ApacheHttpClient.getWebResourceAsStream(502) - responseCode = 200
2023-08-30 12:40:01 INFO  ApacheHttpClient.resetTask(324) - responseCode = 200
2023-08-30 12:40:01 INFO  ApacheHttpClient.getTask(488) - responseCode = 200
2023-08-30 12:40:02 INFO  ApacheHttpClient.getTaskTemplateInfo(353) - responseCode = 200
2023-08-30 12:40:02 INFO  AnalyticsService.run(86) - null : error in server. Status code :405
2023-08-30 12:44:42 INFO  ApacheHttpClient.getWebResourceAsStream(502) - responseCode = 200
2023-08-30 12:44:42 INFO  ApacheHttpClient.getTask(488) - responseCode = 200
2023-08-30 12:44:44 INFO  ApacheHttpClient.completed(32) - responseCode = 200
2023-08-30 12:44:45 INFO  ApacheHttpClient.getTask(488) - responseCode = 200
2023-08-30 12:44:45 INFO  AnalyticsService.run(86) - null : error in server. Status code :405
2023-08-30 12:45:32 INFO  ApacheHttpClient.getWebResourceAsStream(502) - responseCode = 200
2023-08-30 12:45:32 INFO  ApacheHttpClient.getFilteredTasks(336) - responseCode = 200
2023-08-30 12:45:38 INFO  ApacheHttpClient.getTaskTemplateInfo(353) - responseCode = 200
2023-08-30 12:45:38 INFO  TaskInfoSelectorMouseListener.createDirectoryRecursive(78) - File created :C:/Users/k0519415/OneDrive - kirkwood.edu/Kirkwood/Projects/JavaProjects/mon-wed-23/CodeGymTasks/1.JavaSyntax/src/en/codegym/task/pro/task10/task1010
2023-08-30 12:45:38 INFO  AnalyticsService.run(86) - null : error in server. Status code :405
2023-08-30 12:45:45 INFO  ApacheHttpClient.getWebResourceAsStream(502) - responseCode = 200
2023-08-30 12:45:47 INFO  ApacheHttpClient.resetTask(324) - responseCode = 200
2023-08-30 12:45:47 INFO  ApacheHttpClient.getTask(488) - responseCode = 200
2023-08-30 12:45:47 INFO  ApacheHttpClient.getTaskTemplateInfo(353) - responseCode = 200
2023-08-30 12:45:47 INFO  AnalyticsService.run(86) - null : error in server. Status code :405
2023-08-30 13:01:04 INFO  ApacheHttpClient.getWebResourceAsStream(502) - responseCode = 200
2023-08-30 13:01:05 INFO  ApacheHttpClient.getTask(488) - responseCode = 200
2023-08-30 13:01:09 INFO  ApacheHttpClient.completed(32) - responseCode = 200
2023-08-30 13:01:09 INFO  AnalyticsService.run(86) - null : error in server. Status code :405
2023-08-30 13:02:57 INFO  ApacheHttpClient.getWebResourceAsStream(502) - responseCode = 200
2023-08-30 13:02:58 INFO  ApacheHttpClient.getFilteredTasks(336) - responseCode = 200
2023-08-30 13:03:03 INFO  AnalyticsService.run(86) - null : error in server. Status code :405
2023-08-30 13:04:34 INFO  ApacheHttpClient.getWebResourceAsStream(502) - responseCode = 200
2023-08-30 13:04:35 INFO  ApacheHttpClient.getTask(488) - responseCode = 200
2023-08-30 13:04:36 INFO  ApacheHttpClient.completed(32) - responseCode = 200
2023-08-30 13:04:36 INFO  ApacheHttpClient.getTask(488) - responseCode = 200
2023-08-30 13:04:37 INFO  AnalyticsService.run(86) - null : error in server. Status code :405
2023-08-30 13:11:44 INFO  ApacheHttpClient.getWebResourceAsStream(502) - responseCode = 200
2023-08-30 13:11:44 INFO  ApacheHttpClient.getFilteredTasks(336) - responseCode = 200
2023-08-30 13:12:00 INFO  ApacheHttpClient.getTaskTemplateInfo(353) - responseCode = 200
2023-08-30 13:12:00 INFO  TaskInfoSelectorMouseListener.createDirectoryRecursive(78) - File created :C:/Users/k0519415/OneDrive - kirkwood.edu/Kirkwood/Projects/JavaProjects/mon-wed-23/CodeGymTasks/1.JavaSyntax/src/en/codegym/task/pro/task10/task1011
2023-08-30 13:12:01 INFO  AnalyticsService.run(86) - null : error in server. Status code :405
2023-08-30 13:12:07 INFO  ApacheHttpClient.getWebResourceAsStream(502) - responseCode = 200
2023-08-30 13:12:07 INFO  AnalyticsService.run(86) - null : error in server. Status code :405
2023-08-30 13:12:10 INFO  ApacheHttpClient.getWebResourceAsStream(502) - responseCode = 200
2023-08-30 13:12:11 INFO  ApacheHttpClient.resetTask(324) - responseCode = 200
2023-08-30 13:12:11 INFO  ApacheHttpClient.getTask(488) - responseCode = 200
2023-08-30 13:12:12 INFO  ApacheHttpClient.getTaskTemplateInfo(353) - responseCode = 200
2023-08-30 13:12:12 INFO  AnalyticsService.run(86) - null : error in server. Status code :405
2023-08-30 13:18:31 INFO  ApacheHttpClient.getWebResourceAsStream(502) - responseCode = 200
2023-08-30 13:18:31 INFO  ApacheHttpClient.getTask(488) - responseCode = 200
2023-08-30 13:18:34 INFO  ApacheHttpClient.completed(32) - responseCode = 200
2023-08-30 13:18:34 INFO  ApacheHttpClient.getTask(488) - responseCode = 200
2023-08-30 13:18:34 INFO  AnalyticsService.run(86) - null : error in server. Status code :405
2023-08-30 13:19:55 INFO  ApacheHttpClient.getWebResourceAsStream(502) - responseCode = 200
2023-08-30 13:19:55 INFO  ApacheHttpClient.getTask(488) - responseCode = 200
2023-08-30 13:19:57 INFO  ApacheHttpClient.completed(32) - responseCode = 200
2023-08-30 13:19:57 INFO  ApacheHttpClient.getTask(488) - responseCode = 200
2023-08-30 13:19:57 INFO  AnalyticsService.run(86) - null : error in server. Status code :405
2023-08-30 13:26:40 INFO  ApacheHttpClient.getWebResourceAsStream(502) - responseCode = 200
2023-08-30 13:26:40 INFO  ApacheHttpClient.getFilteredTasks(336) - responseCode = 200
2023-08-30 13:26:44 INFO  ApacheHttpClient.getTaskTemplateInfo(353) - responseCode = 200
2023-08-30 13:26:45 INFO  TaskInfoSelectorMouseListener.createDirectoryRecursive(78) - File created :C:/Users/k0519415/OneDrive - kirkwood.edu/Kirkwood/Projects/JavaProjects/mon-wed-23/CodeGymTasks/1.JavaSyntax/src/en/codegym/task/pro/task10/task1014
2023-08-30 13:26:45 INFO  AnalyticsService.run(86) - null : error in server. Status code :405
2023-08-30 13:26:49 INFO  ApacheHttpClient.getWebResourceAsStream(502) - responseCode = 200
2023-08-30 13:26:51 INFO  ApacheHttpClient.resetTask(324) - responseCode = 200
2023-08-30 13:26:51 INFO  ApacheHttpClient.getTask(488) - responseCode = 200
2023-08-30 13:26:51 INFO  ApacheHttpClient.getTaskTemplateInfo(353) - responseCode = 200
2023-08-30 13:26:51 INFO  AnalyticsService.run(86) - null : error in server. Status code :405
2023-08-30 13:31:00 INFO  ApacheHttpClient.getWebResourceAsStream(502) - responseCode = 200
2023-08-30 13:31:00 INFO  ApacheHttpClient.getTask(488) - responseCode = 200
2023-08-30 13:31:02 INFO  ApacheHttpClient.completed(32) - responseCode = 200
2023-08-30 13:31:02 INFO  ApacheHttpClient.getTask(488) - responseCode = 200
2023-08-30 13:31:03 INFO  AnalyticsService.run(86) - null : error in server. Status code :405
2023-08-30 13:31:22 INFO  ApacheHttpClient.getWebResourceAsStream(502) - responseCode = 200
2023-08-30 13:31:23 INFO  ApacheHttpClient.getFilteredTasks(336) - responseCode = 200
2023-08-30 13:31:35 INFO  ApacheHttpClient.getTaskTemplateInfo(353) - responseCode = 200
2023-08-30 13:31:35 INFO  TaskInfoSelectorMouseListener.createDirectoryRecursive(78) - File created :C:/Users/k0519415/OneDrive - kirkwood.edu/Kirkwood/Projects/JavaProjects/mon-wed-23/CodeGymTasks/1.JavaSyntax/src/en/codegym/task/pro/task10/task1016
2023-08-30 13:31:35 INFO  AnalyticsService.run(86) - null : error in server. Status code :405
2023-08-30 13:31:42 INFO  ApacheHttpClient.getWebResourceAsStream(502) - responseCode = 200
2023-08-30 13:31:43 INFO  ApacheHttpClient.resetTask(324) - responseCode = 200
2023-08-30 13:31:44 INFO  ApacheHttpClient.getTask(488) - responseCode = 200
2023-08-30 13:31:44 INFO  ApacheHttpClient.getTaskTemplateInfo(353) - responseCode = 200
2023-08-30 13:31:44 INFO  AnalyticsService.run(86) - null : error in server. Status code :405
2023-08-30 13:38:55 INFO  ApacheHttpClient.getWebResourceAsStream(502) - responseCode = 200
2023-08-30 13:38:55 INFO  ApacheHttpClient.getTask(488) - responseCode = 200
2023-08-30 13:39:08 INFO  ApacheHttpClient.completed(32) - responseCode = 200
2023-08-30 13:39:09 INFO  ApacheHttpClient.getTask(488) - responseCode = 200
2023-08-30 13:39:09 INFO  AnalyticsService.run(86) - null : error in server. Status code :405
2023-08-30 13:43:22 INFO  ApacheHttpClient.getWebResourceAsStream(502) - responseCode = 200
2023-08-30 13:43:22 INFO  ApacheHttpClient.getFilteredTasks(336) - responseCode = 200
2023-08-30 13:43:32 INFO  ApacheHttpClient.getFilteredTasks(336) - responseCode = 200
2023-08-30 13:43:37 INFO  ApacheHttpClient.getTaskTemplateInfo(353) - responseCode = 200
2023-08-30 13:43:37 INFO  TaskInfoSelectorMouseListener.createDirectoryRecursive(78) - File created :C:/Users/k0519415/OneDrive - kirkwood.edu/Kirkwood/Projects/JavaProjects/mon-wed-23/CodeGymTasks/1.JavaSyntax/src/en/codegym/task/pro/task11
2023-08-30 13:43:37 INFO  TaskInfoSelectorMouseListener.createDirectoryRecursive(78) - File created :C:/Users/k0519415/OneDrive - kirkwood.edu/Kirkwood/Projects/JavaProjects/mon-wed-23/CodeGymTasks/1.JavaSyntax/src/en/codegym/task/pro/task11/task1103
2023-08-30 13:43:37 INFO  AnalyticsService.run(86) - null : error in server. Status code :405
2023-08-30 13:43:40 INFO  ApacheHttpClient.getWebResourceAsStream(502) - responseCode = 200
2023-08-30 13:43:42 INFO  ApacheHttpClient.resetTask(324) - responseCode = 200
2023-08-30 13:43:42 INFO  ApacheHttpClient.getTask(488) - responseCode = 200
2023-08-30 13:43:42 INFO  ApacheHttpClient.getTaskTemplateInfo(353) - responseCode = 200
2023-08-30 13:43:42 INFO  AnalyticsService.run(86) - null : error in server. Status code :405
2023-08-30 13:49:34 INFO  ApacheHttpClient.getWebResourceAsStream(502) - responseCode = 200
2023-08-30 13:49:35 INFO  ApacheHttpClient.getFilteredTasks(336) - responseCode = 200
2023-08-30 13:49:41 INFO  ApacheHttpClient.getTaskTemplateInfo(353) - responseCode = 200
2023-08-30 13:49:41 INFO  TaskInfoSelectorMouseListener.createDirectoryRecursive(78) - File created :C:/Users/k0519415/OneDrive - kirkwood.edu/Kirkwood/Projects/JavaProjects/mon-wed-23/CodeGymTasks/1.JavaSyntax/src/en/codegym/task/pro/task11/task1105
2023-08-30 13:49:41 INFO  AnalyticsService.run(86) - null : error in server. Status code :405
2023-08-30 13:49:44 INFO  ApacheHttpClient.getWebResourceAsStream(502) - responseCode = 200
2023-08-30 13:49:46 INFO  ApacheHttpClient.resetTask(324) - responseCode = 200
2023-08-30 13:49:46 INFO  ApacheHttpClient.getTask(488) - responseCode = 200
2023-08-30 13:49:46 INFO  ApacheHttpClient.getTaskTemplateInfo(353) - responseCode = 200
2023-08-30 13:49:46 INFO  AnalyticsService.run(86) - null : error in server. Status code :405
2023-08-30 13:52:13 INFO  ApacheHttpClient.getWebResourceAsStream(502) - responseCode = 200
2023-08-30 13:52:13 INFO  ApacheHttpClient.getTask(488) - responseCode = 200
2023-08-30 13:52:15 INFO  ApacheHttpClient.completed(32) - responseCode = 200
2023-08-30 13:52:16 INFO  ApacheHttpClient.getTask(488) - responseCode = 200
2023-08-30 13:52:16 INFO  AnalyticsService.run(86) - null : error in server. Status code :405
2023-08-30 13:54:23 INFO  ApacheHttpClient.getWebResourceAsStream(502) - responseCode = 200
2023-08-30 13:54:25 INFO  ApacheHttpClient.getFilteredTasks(336) - responseCode = 200
2023-08-30 13:54:35 INFO  ApacheHttpClient.getFilteredTasks(336) - responseCode = 200
2023-08-30 13:54:37 INFO  ApacheHttpClient.getTaskTemplateInfo(353) - responseCode = 200
2023-08-30 13:54:37 INFO  TaskInfoSelectorMouseListener.createDirectoryRecursive(78) - File created :C:/Users/k0519415/OneDrive - kirkwood.edu/Kirkwood/Projects/JavaProjects/mon-wed-23/CodeGymTasks/1.JavaSyntax/src/en/codegym/task/pro/task11/task1108
2023-08-30 13:54:37 INFO  AnalyticsService.run(86) - null : error in server. Status code :405
2023-08-30 13:54:46 INFO  ApacheHttpClient.getWebResourceAsStream(502) - responseCode = 200
2023-08-30 13:54:48 INFO  ApacheHttpClient.resetTask(324) - responseCode = 200
2023-08-30 13:54:48 INFO  ApacheHttpClient.getTask(488) - responseCode = 200
2023-08-30 13:54:49 INFO  ApacheHttpClient.getTaskTemplateInfo(353) - responseCode = 200
2023-08-30 13:54:49 INFO  AnalyticsService.run(86) - null : error in server. Status code :405
2023-08-30 13:58:12 INFO  ApacheHttpClient.getWebResourceAsStream(502) - responseCode = 200
2023-08-30 13:58:13 INFO  ApacheHttpClient.getTask(488) - responseCode = 200
2023-08-30 13:58:17 INFO  ApacheHttpClient.completed(32) - responseCode = 200
2023-08-30 13:58:18 INFO  ApacheHttpClient.getTask(488) - responseCode = 200
2023-08-30 13:58:18 INFO  AnalyticsService.run(86) - null : error in server. Status code :405
2023-08-30 13:59:25 INFO  ApacheHttpClient.getWebResourceAsStream(502) - responseCode = 200
2023-08-30 13:59:26 INFO  ApacheHttpClient.getFilteredTasks(336) - responseCode = 200
2023-08-30 13:59:29 INFO  ApacheHttpClient.getFilteredTasks(336) - responseCode = 200
2023-08-30 13:59:31 INFO  ApacheHttpClient.getTaskTemplateInfo(353) - responseCode = 200
2023-08-30 13:59:31 INFO  TaskInfoSelectorMouseListener.createDirectoryRecursive(78) - File created :C:/Users/k0519415/OneDrive - kirkwood.edu/Kirkwood/Projects/JavaProjects/mon-wed-23/CodeGymTasks/1.JavaSyntax/src/en/codegym/task/pro/task11/task1116
2023-08-30 13:59:32 INFO  AnalyticsService.run(86) - null : error in server. Status code :405
2023-08-30 13:59:40 INFO  ApacheHttpClient.getWebResourceAsStream(502) - responseCode = 200
2023-08-30 13:59:41 INFO  ApacheHttpClient.resetTask(324) - responseCode = 200
2023-08-30 13:59:41 INFO  ApacheHttpClient.getTask(488) - responseCode = 200
2023-08-30 13:59:42 INFO  ApacheHttpClient.getTaskTemplateInfo(353) - responseCode = 200
2023-08-30 13:59:42 INFO  AnalyticsService.run(86) - null : error in server. Status code :405
2023-08-30 14:01:48 INFO  ApacheHttpClient.getWebResourceAsStream(502) - responseCode = 200
2023-08-30 14:01:48 INFO  ApacheHttpClient.getTask(488) - responseCode = 200
2023-08-30 14:01:53 INFO  ApacheHttpClient.completed(32) - responseCode = 200
2023-08-30 14:01:53 INFO  ApacheHttpClient.getTask(488) - responseCode = 200
2023-08-30 14:01:53 INFO  AnalyticsService.run(86) - null : error in server. Status code :405
2023-08-30 14:02:33 INFO  ApacheHttpClient.getWebResourceAsStream(502) - responseCode = 200
2023-08-30 14:02:33 INFO  ApacheHttpClient.getTask(488) - responseCode = 200
2023-08-30 14:02:34 INFO  ApacheHttpClient.completed(32) - responseCode = 200
2023-08-30 14:02:35 INFO  ApacheHttpClient.getTask(488) - responseCode = 200
2023-08-30 14:02:35 INFO  AnalyticsService.run(86) - null : error in server. Status code :405
2023-08-30 14:02:37 INFO  ApacheHttpClient.getWebResourceAsStream(502) - responseCode = 200
2023-08-30 14:02:37 INFO  ApacheHttpClient.getFilteredTasks(336) - responseCode = 200
2023-08-30 14:02:46 INFO  ApacheHttpClient.getFilteredTasks(336) - responseCode = 200
2023-08-30 14:02:49 INFO  ApacheHttpClient.getTaskTemplateInfo(353) - responseCode = 200
2023-08-30 14:02:49 INFO  TaskInfoSelectorMouseListener.createDirectoryRecursive(78) - File created :C:/Users/k0519415/OneDrive - kirkwood.edu/Kirkwood/Projects/JavaProjects/mon-wed-23/CodeGymTasks/1.JavaSyntax/src/en/codegym/task/pro/task11/task1120
2023-08-30 14:02:50 INFO  AnalyticsService.run(86) - null : error in server. Status code :405
2023-08-30 14:02:54 INFO  ApacheHttpClient.getWebResourceAsStream(502) - responseCode = 200
2023-08-30 14:02:55 INFO  ApacheHttpClient.resetTask(324) - responseCode = 200
2023-08-30 14:02:55 INFO  ApacheHttpClient.getTask(488) - responseCode = 200
2023-08-30 14:02:56 INFO  ApacheHttpClient.getTaskTemplateInfo(353) - responseCode = 200
2023-08-30 14:02:56 INFO  AnalyticsService.run(86) - null : error in server. Status code :405
2023-08-30 14:08:26 INFO  ApacheHttpClient.getWebResourceAsStream(502) - responseCode = 200
2023-08-30 14:08:26 INFO  ApacheHttpClient.getFilteredTasks(336) - responseCode = 200
2023-08-30 14:08:40 INFO  ApacheHttpClient.getFilteredTasks(336) - responseCode = 200
2023-08-30 14:08:46 INFO  ApacheHttpClient.getTaskTemplateInfo(353) - responseCode = 200
2023-08-30 14:08:46 INFO  TaskInfoSelectorMouseListener.createDirectoryRecursive(78) - File created :C:/Users/k0519415/OneDrive - kirkwood.edu/Kirkwood/Projects/JavaProjects/mon-wed-23/CodeGymTasks/1.JavaSyntax/src/en/codegym/task/pro/task11/task1123
2023-08-30 14:08:46 INFO  AnalyticsService.run(86) - null : error in server. Status code :405
2023-08-30 14:08:50 INFO  ApacheHttpClient.getWebResourceAsStream(502) - responseCode = 200
2023-08-30 14:08:51 INFO  ApacheHttpClient.resetTask(324) - responseCode = 200
2023-08-30 14:08:51 INFO  ApacheHttpClient.getTask(488) - responseCode = 200
2023-08-30 14:08:52 INFO  ApacheHttpClient.getTaskTemplateInfo(353) - responseCode = 200
2023-08-30 14:08:52 INFO  AnalyticsService.run(86) - null : error in server. Status code :405
2023-08-30 14:14:53 INFO  ApacheHttpClient.getWebResourceAsStream(502) - responseCode = 200
2023-08-30 14:14:54 INFO  ApacheHttpClient.getTask(488) - responseCode = 200
2023-08-30 14:14:57 INFO  ApacheHttpClient.completed(32) - responseCode = 200
2023-08-30 14:14:57 INFO  ApacheHttpClient.getTask(488) - responseCode = 200
2023-08-30 14:14:58 INFO  AnalyticsService.run(86) - null : error in server. Status code :405
2023-08-30 14:18:35 INFO  ApacheHttpClient.getWebResourceAsStream(502) - responseCode = 200
2023-08-30 14:18:35 INFO  ApacheHttpClient.getTask(488) - responseCode = 200
2023-08-30 14:18:39 INFO  ApacheHttpClient.completed(32) - responseCode = 200
2023-08-30 14:18:39 INFO  ApacheHttpClient.getTask(488) - responseCode = 200
2023-08-30 14:18:39 INFO  AnalyticsService.run(86) - null : error in server. Status code :405
2023-08-30 16:25:22 INFO  ProjectStartupHandler.projectClosing(155) - ---------- Project closed ----------

2023-08-30 16:25:22 INFO  AnalyticsService.run(86) - null : error in server. Status code :405
2023-08-30 16:25:23 INFO  ApacheHttpClient.getTask(488) - responseCode = 200
2023-08-30 16:25:23 INFO  ApacheHttpClient.getTask(488) - responseCode = 200
2023-08-30 16:25:23 INFO  ApacheHttpClient.getTask(488) - responseCode = 200
2023-08-30 16:25:23 INFO  ApacheHttpClient.getTask(488) - responseCode = 200
2023-08-30 16:25:24 INFO  ApacheHttpClient.getTask(488) - responseCode = 200
2023-08-30 16:25:24 INFO  ApacheHttpClient.getTask(488) - responseCode = 200
2023-08-30 16:25:24 INFO  ApacheHttpClient.getTask(488) - responseCode = 200
2023-08-30 16:25:24 INFO  ApacheHttpClient.getTask(488) - responseCode = 200
2023-08-30 16:25:25 INFO  ApacheHttpClient.getTask(488) - responseCode = 200
2023-08-30 16:25:25 INFO  ApacheHttpClient.getTask(488) - responseCode = 200
2023-08-30 16:25:25 INFO  ApacheHttpClient.getTask(488) - responseCode = 200
2023-08-30 16:25:25 INFO  ApacheHttpClient.getTask(488) - responseCode = 200
2023-08-30 16:25:26 INFO  ApacheHttpClient.getTask(488) - responseCode = 200
2023-08-30 16:25:26 INFO  ApacheHttpClient.getTask(488) - responseCode = 200
2023-08-30 16:25:26 INFO  PluginProjectService.dispose(41) - PluginProjectService for disposed.
